2024-01-22 14:23:04,248:WARNING:
'cuml' is a soft dependency and not included in the pycaret installation. Please run: `pip install cuml` to install.
2024-01-22 14:23:04,248:WARNING:
'cuml' is a soft dependency and not included in the pycaret installation. Please run: `pip install cuml` to install.
2024-01-22 14:23:04,248:WARNING:
'cuml' is a soft dependency and not included in the pycaret installation. Please run: `pip install cuml` to install.
2024-01-22 14:23:04,248:WARNING:
'cuml' is a soft dependency and not included in the pycaret installation. Please run: `pip install cuml` to install.
2024-01-22 14:25:12,639:INFO:PyCaret ClassificationExperiment
2024-01-22 14:25:12,639:INFO:Logging name: clf-default-name
2024-01-22 14:25:12,639:INFO:ML Usecase: MLUsecase.CLASSIFICATION
2024-01-22 14:25:12,639:INFO:version 3.2.0
2024-01-22 14:25:12,639:INFO:Initializing setup()
2024-01-22 14:25:12,639:INFO:self.USI: 2327
2024-01-22 14:25:12,639:INFO:self._variable_keys: {'exp_id', 'USI', '_ml_usecase', 'memory', 'is_multiclass', 'y_train', 'X_test', 'target_param', 'fold_generator', 'html_param', 'gpu_param', 'y', 'data', 'gpu_n_jobs_param', 'idx', 'pipeline', 'n_jobs_param', 'y_test', '_available_plots', 'seed', 'fold_groups_param', 'X', 'fold_shuffle_param', 'X_train', 'logging_param', 'exp_name_log', 'log_plots_param', 'fix_imbalance'}
2024-01-22 14:25:12,639:INFO:Checking environment
2024-01-22 14:25:12,639:INFO:python_version: 3.11.5
2024-01-22 14:25:12,639:INFO:python_build: ('main', 'Sep 11 2023 13:26:23')
2024-01-22 14:25:12,639:INFO:machine: AMD64
2024-01-22 14:25:12,639:INFO:platform: Windows-10-10.0.22621-SP0
2024-01-22 14:25:12,639:INFO:Memory: svmem(total=16542031872, available=2046726144, percent=87.6, used=14495305728, free=2046726144)
2024-01-22 14:25:12,639:INFO:Physical Core: 8
2024-01-22 14:25:12,639:INFO:Logical Core: 16
2024-01-22 14:25:12,639:INFO:Checking libraries
2024-01-22 14:25:12,639:INFO:System:
2024-01-22 14:25:12,639:INFO:    python: 3.11.5 | packaged by Anaconda, Inc. | (main, Sep 11 2023, 13:26:23) [MSC v.1916 64 bit (AMD64)]
2024-01-22 14:25:12,639:INFO:executable: C:\Users\alcid\anaconda3\python.exe
2024-01-22 14:25:12,643:INFO:   machine: Windows-10-10.0.22621-SP0
2024-01-22 14:25:12,643:INFO:PyCaret required dependencies:
2024-01-22 14:25:13,961:INFO:                 pip: 23.2.1
2024-01-22 14:25:13,961:INFO:          setuptools: 68.0.0
2024-01-22 14:25:13,961:INFO:             pycaret: 3.2.0
2024-01-22 14:25:13,961:INFO:             IPython: 8.15.0
2024-01-22 14:25:13,961:INFO:          ipywidgets: 8.0.4
2024-01-22 14:25:13,961:INFO:                tqdm: 4.65.0
2024-01-22 14:25:13,961:INFO:               numpy: 1.24.3
2024-01-22 14:25:13,961:INFO:              pandas: 1.5.3
2024-01-22 14:25:13,961:INFO:              jinja2: 3.1.2
2024-01-22 14:25:13,961:INFO:               scipy: 1.11.1
2024-01-22 14:25:13,961:INFO:              joblib: 1.3.2
2024-01-22 14:25:13,961:INFO:             sklearn: 1.2.2
2024-01-22 14:25:13,961:INFO:                pyod: 1.1.2
2024-01-22 14:25:13,961:INFO:            imblearn: 0.10.1
2024-01-22 14:25:13,961:INFO:   category_encoders: 2.6.3
2024-01-22 14:25:13,961:INFO:            lightgbm: 4.1.0
2024-01-22 14:25:13,961:INFO:               numba: 0.57.1
2024-01-22 14:25:13,961:INFO:            requests: 2.31.0
2024-01-22 14:25:13,961:INFO:          matplotlib: 3.6.0
2024-01-22 14:25:13,961:INFO:          scikitplot: 0.3.7
2024-01-22 14:25:13,961:INFO:         yellowbrick: 1.5
2024-01-22 14:25:13,961:INFO:              plotly: 5.9.0
2024-01-22 14:25:13,961:INFO:    plotly-resampler: Not installed
2024-01-22 14:25:13,961:INFO:             kaleido: 0.2.1
2024-01-22 14:25:13,961:INFO:           schemdraw: 0.15
2024-01-22 14:25:13,961:INFO:         statsmodels: 0.14.0
2024-01-22 14:25:13,961:INFO:              sktime: 0.21.1
2024-01-22 14:25:13,961:INFO:               tbats: 1.1.3
2024-01-22 14:25:13,961:INFO:            pmdarima: 2.0.4
2024-01-22 14:25:13,961:INFO:              psutil: 5.9.0
2024-01-22 14:25:13,961:INFO:          markupsafe: 2.1.1
2024-01-22 14:25:13,961:INFO:             pickle5: Not installed
2024-01-22 14:25:13,961:INFO:         cloudpickle: 2.2.1
2024-01-22 14:25:13,961:INFO:         deprecation: 2.1.0
2024-01-22 14:25:13,961:INFO:              xxhash: 2.0.2
2024-01-22 14:25:13,961:INFO:           wurlitzer: Not installed
2024-01-22 14:25:13,961:INFO:PyCaret optional dependencies:
2024-01-22 14:25:14,117:INFO:                shap: Not installed
2024-01-22 14:25:14,118:INFO:           interpret: Not installed
2024-01-22 14:25:14,118:INFO:                umap: Not installed
2024-01-22 14:25:14,118:INFO:     ydata_profiling: 4.6.1
2024-01-22 14:25:14,118:INFO:  explainerdashboard: Not installed
2024-01-22 14:25:14,118:INFO:             autoviz: Not installed
2024-01-22 14:25:14,118:INFO:           fairlearn: Not installed
2024-01-22 14:25:14,118:INFO:          deepchecks: Not installed
2024-01-22 14:25:14,118:INFO:             xgboost: 2.0.2
2024-01-22 14:25:14,118:INFO:            catboost: Not installed
2024-01-22 14:25:14,118:INFO:              kmodes: Not installed
2024-01-22 14:25:14,118:INFO:             mlxtend: Not installed
2024-01-22 14:25:14,118:INFO:       statsforecast: Not installed
2024-01-22 14:25:14,118:INFO:        tune_sklearn: Not installed
2024-01-22 14:25:14,118:INFO:                 ray: Not installed
2024-01-22 14:25:14,118:INFO:            hyperopt: 0.2.7
2024-01-22 14:25:14,118:INFO:              optuna: Not installed
2024-01-22 14:25:14,118:INFO:               skopt: 0.9.0
2024-01-22 14:25:14,118:INFO:              mlflow: Not installed
2024-01-22 14:25:14,118:INFO:              gradio: Not installed
2024-01-22 14:25:14,118:INFO:             fastapi: Not installed
2024-01-22 14:25:14,118:INFO:             uvicorn: Not installed
2024-01-22 14:25:14,118:INFO:              m2cgen: Not installed
2024-01-22 14:25:14,118:INFO:           evidently: Not installed
2024-01-22 14:25:14,118:INFO:               fugue: Not installed
2024-01-22 14:25:14,118:INFO:           streamlit: 1.28.1
2024-01-22 14:25:14,118:INFO:             prophet: Not installed
2024-01-22 14:25:14,119:INFO:None
2024-01-22 14:25:14,119:INFO:Set up data.
2024-01-22 14:25:14,674:INFO:Set up folding strategy.
2024-01-22 14:25:14,674:INFO:Set up train/test split.
2024-01-22 14:25:14,940:INFO:Set up index.
2024-01-22 14:25:14,955:INFO:Assigning column types.
2024-01-22 14:25:15,032:INFO:Engine successfully changes for model 'lr' to 'sklearn'.
2024-01-22 14:25:15,071:INFO:Engine for model 'knn' has not been set explicitly, hence returning None.
2024-01-22 14:25:15,077:INFO:Engine for model 'rbfsvm' has not been set explicitly, hence returning None.
2024-01-22 14:25:15,123:INFO:Soft dependency imported: xgboost: 2.0.2
2024-01-22 14:25:15,126:WARNING:
'catboost' is a soft dependency and not included in the pycaret installation. Please run: `pip install catboost` to install.
Alternately, you can install this by running `pip install pycaret[models]`
2024-01-22 14:25:15,161:INFO:Engine for model 'knn' has not been set explicitly, hence returning None.
2024-01-22 14:25:15,161:INFO:Engine for model 'rbfsvm' has not been set explicitly, hence returning None.
2024-01-22 14:25:15,187:INFO:Soft dependency imported: xgboost: 2.0.2
2024-01-22 14:25:15,189:WARNING:
'catboost' is a soft dependency and not included in the pycaret installation. Please run: `pip install catboost` to install.
Alternately, you can install this by running `pip install pycaret[models]`
2024-01-22 14:25:15,190:INFO:Engine successfully changes for model 'knn' to 'sklearn'.
2024-01-22 14:25:15,230:INFO:Engine for model 'rbfsvm' has not been set explicitly, hence returning None.
2024-01-22 14:25:15,254:INFO:Soft dependency imported: xgboost: 2.0.2
2024-01-22 14:25:15,256:WARNING:
'catboost' is a soft dependency and not included in the pycaret installation. Please run: `pip install catboost` to install.
Alternately, you can install this by running `pip install pycaret[models]`
2024-01-22 14:25:15,299:INFO:Engine for model 'rbfsvm' has not been set explicitly, hence returning None.
2024-01-22 14:25:15,324:INFO:Soft dependency imported: xgboost: 2.0.2
2024-01-22 14:25:15,327:WARNING:
'catboost' is a soft dependency and not included in the pycaret installation. Please run: `pip install catboost` to install.
Alternately, you can install this by running `pip install pycaret[models]`
2024-01-22 14:25:15,327:INFO:Engine successfully changes for model 'rbfsvm' to 'sklearn'.
2024-01-22 14:25:15,388:INFO:Soft dependency imported: xgboost: 2.0.2
2024-01-22 14:25:15,390:WARNING:
'catboost' is a soft dependency and not included in the pycaret installation. Please run: `pip install catboost` to install.
Alternately, you can install this by running `pip install pycaret[models]`
2024-01-22 14:25:15,441:INFO:Soft dependency imported: xgboost: 2.0.2
2024-01-22 14:25:15,441:WARNING:
'catboost' is a soft dependency and not included in the pycaret installation. Please run: `pip install catboost` to install.
Alternately, you can install this by running `pip install pycaret[models]`
2024-01-22 14:25:15,457:INFO:Preparing preprocessing pipeline...
2024-01-22 14:25:15,472:INFO:Set up simple imputation.
2024-01-22 14:25:15,567:INFO:Set up encoding of ordinal features.
2024-01-22 14:25:15,652:INFO:Set up encoding of categorical features.
2024-01-22 14:25:15,653:INFO:Set up removing multicollinearity.
2024-01-22 14:25:15,653:INFO:Set up removing outliers.
2024-01-22 14:25:15,653:INFO:Set up column transformation.
2024-01-22 14:25:15,653:INFO:Set up feature normalization.
2024-01-22 14:25:22,049:WARNING:C:\Users\alcid\anaconda3\Lib\site-packages\sklearn\base.py:439: UserWarning: X does not have valid feature names, but IsolationForest was fitted with feature names
  warnings.warn(

2024-01-22 14:26:05,643:INFO:Finished creating preprocessing pipeline.
2024-01-22 14:26:05,690:INFO:Pipeline: Pipeline(memory=FastMemory(location=C:\Users\alcid\AppData\Local\Temp\joblib),
         steps=[('numerical_imputer',
                 TransformerWrapper(exclude=None,
                                    include=['qtd_filhos', 'idade',
                                             'tempo_emprego',
                                             'qt_pessoas_residencia', 'renda',
                                             'mes'],
                                    transformer=SimpleImputer(add_indicator=False,
                                                              copy=True,
                                                              fill_value=None,
                                                              keep_empty_features=False,
                                                              missing_values=nan,
                                                              strategy='...
                                    transformer=RemoveOutliers(method='iforest',
                                                               n_jobs=1,
                                                               random_state=5359,
                                                               threshold=0.05))),
                ('transformation',
                 TransformerWrapper(exclude=None, include=None,
                                    transformer=PowerTransformer(copy=True,
                                                                 method='yeo-johnson',
                                                                 standardize=False))),
                ('normalize',
                 TransformerWrapper(exclude=None, include=None,
                                    transformer=StandardScaler(copy=True,
                                                               with_mean=True,
                                                               with_std=True)))],
         verbose=False)
2024-01-22 14:26:05,690:INFO:Creating final display dataframe.
2024-01-22 14:26:07,809:WARNING:C:\Users\alcid\anaconda3\Lib\site-packages\sklearn\base.py:439: UserWarning: X does not have valid feature names, but IsolationForest was fitted with feature names
  warnings.warn(

2024-01-22 14:26:40,783:INFO:Setup _display_container:                     Description             Value
0                    Session id              5359
1                        Target               mau
2                   Target type            Binary
3           Original data shape      (750000, 14)
4        Transformed data shape      (723761, 31)
5   Transformed train set shape      (498761, 31)
6    Transformed test set shape      (225000, 31)
7              Ordinal features                 3
8              Numeric features                 6
9          Categorical features                 7
10     Rows with missing values             16.8%
11                   Preprocess              True
12              Imputation type            simple
13           Numeric imputation              mean
14       Categorical imputation              mode
15     Maximum one-hot encoding                25
16              Encoding method              None
17     Remove multicollinearity              True
18  Multicollinearity threshold              0.95
19              Remove outliers              True
20           Outliers threshold              0.05
21               Transformation              True
22        Transformation method       yeo-johnson
23                    Normalize              True
24             Normalize method            zscore
25               Fold Generator   StratifiedKFold
26                  Fold Number                10
27                     CPU Jobs                -1
28                      Use GPU             False
29               Log Experiment             False
30              Experiment Name  clf-default-name
31                          USI              2327
2024-01-22 14:26:40,864:INFO:Soft dependency imported: xgboost: 2.0.2
2024-01-22 14:26:40,869:WARNING:
'catboost' is a soft dependency and not included in the pycaret installation. Please run: `pip install catboost` to install.
Alternately, you can install this by running `pip install pycaret[models]`
2024-01-22 14:26:40,930:INFO:Soft dependency imported: xgboost: 2.0.2
2024-01-22 14:26:40,930:WARNING:
'catboost' is a soft dependency and not included in the pycaret installation. Please run: `pip install catboost` to install.
Alternately, you can install this by running `pip install pycaret[models]`
2024-01-22 14:26:40,930:INFO:setup() successfully completed in 88.31s...............
2024-01-22 14:28:02,044:INFO:Initializing create_model()
2024-01-22 14:28:02,045:INFO:create_model(self=<pycaret.classification.oop.ClassificationExperiment object at 0x00000256072E7590>, estimator=lightgbm, fold=None, round=4, cross_validation=True, predict=True, fit_kwargs=None, groups=None, refit=True, probability_threshold=None, experiment_custom_tags=None, verbose=True, system=True, add_to_model_list=True, metrics=None, display=None, model_only=True, return_train_score=False, error_score=0.0, kwargs={})
2024-01-22 14:28:02,045:INFO:Checking exceptions
2024-01-22 14:28:02,068:INFO:Importing libraries
2024-01-22 14:28:02,068:INFO:Copying training dataset
2024-01-22 14:28:02,257:INFO:Defining folds
2024-01-22 14:28:02,257:INFO:Declaring metric variables
2024-01-22 14:28:02,257:INFO:Importing untrained model
2024-01-22 14:28:02,257:INFO:Light Gradient Boosting Machine Imported successfully
2024-01-22 14:28:02,280:INFO:Starting cross validation
2024-01-22 14:28:02,298:INFO:Cross validating with StratifiedKFold(n_splits=10, random_state=None, shuffle=False), n_jobs=-1
2024-01-22 14:28:36,401:INFO:Initializing create_model()
2024-01-22 14:28:36,401:INFO:create_model(self=<pycaret.classification.oop.ClassificationExperiment object at 0x00000256072E7590>, estimator=lightgbm, fold=10, round=4, cross_validation=True, predict=True, fit_kwargs=None, groups=None, refit=True, probability_threshold=None, experiment_custom_tags=None, verbose=True, system=True, add_to_model_list=True, metrics=None, display=None, model_only=True, return_train_score=False, error_score=0.0, kwargs={})
2024-01-22 14:28:36,401:INFO:Checking exceptions
2024-01-22 14:28:36,415:INFO:Importing libraries
2024-01-22 14:28:36,415:INFO:Copying training dataset
2024-01-22 14:28:36,608:INFO:Defining folds
2024-01-22 14:28:36,608:INFO:Declaring metric variables
2024-01-22 14:28:36,623:INFO:Importing untrained model
2024-01-22 14:28:36,623:INFO:Light Gradient Boosting Machine Imported successfully
2024-01-22 14:28:36,631:INFO:Starting cross validation
2024-01-22 14:28:36,644:INFO:Cross validating with StratifiedKFold(n_splits=10, random_state=None, shuffle=False), n_jobs=-1
2024-01-22 14:29:05,039:INFO:Initializing create_model()
2024-01-22 14:29:05,039:INFO:create_model(self=<pycaret.classification.oop.ClassificationExperiment object at 0x00000256072E7590>, estimator=lightgbm, fold=15, round=4, cross_validation=True, predict=True, fit_kwargs=None, groups=None, refit=True, probability_threshold=None, experiment_custom_tags=None, verbose=True, system=True, add_to_model_list=True, metrics=None, display=None, model_only=True, return_train_score=False, error_score=0.0, kwargs={})
2024-01-22 14:29:05,039:INFO:Checking exceptions
2024-01-22 14:29:05,054:INFO:Importing libraries
2024-01-22 14:29:05,054:INFO:Copying training dataset
2024-01-22 14:29:05,240:INFO:Defining folds
2024-01-22 14:29:05,240:INFO:Declaring metric variables
2024-01-22 14:29:05,240:INFO:Importing untrained model
2024-01-22 14:29:05,240:INFO:Light Gradient Boosting Machine Imported successfully
2024-01-22 14:29:05,258:INFO:Starting cross validation
2024-01-22 14:29:05,267:INFO:Cross validating with StratifiedKFold(n_splits=15, random_state=None, shuffle=False), n_jobs=-1
2024-01-22 14:31:10,786:INFO:Initializing create_model()
2024-01-22 14:31:10,786:INFO:create_model(self=<pycaret.classification.oop.ClassificationExperiment object at 0x00000256072E7590>, estimator=lightgbm, fold=15, round=4, cross_validation=True, predict=True, fit_kwargs=None, groups=None, refit=True, probability_threshold=None, experiment_custom_tags=None, verbose=True, system=True, add_to_model_list=True, metrics=None, display=None, model_only=True, return_train_score=False, error_score=0.0, kwargs={'class_balance': True})
2024-01-22 14:31:10,786:INFO:Checking exceptions
2024-01-22 14:31:10,800:INFO:Importing libraries
2024-01-22 14:31:10,801:INFO:Copying training dataset
2024-01-22 14:31:11,110:INFO:Defining folds
2024-01-22 14:31:11,110:INFO:Declaring metric variables
2024-01-22 14:31:11,113:INFO:Importing untrained model
2024-01-22 14:31:11,113:INFO:Light Gradient Boosting Machine Imported successfully
2024-01-22 14:31:11,121:INFO:Starting cross validation
2024-01-22 14:31:11,131:INFO:Cross validating with StratifiedKFold(n_splits=15, random_state=None, shuffle=False), n_jobs=-1
2024-01-22 14:31:38,959:INFO:PyCaret ClassificationExperiment
2024-01-22 14:31:38,959:INFO:Logging name: clf-default-name
2024-01-22 14:31:38,959:INFO:ML Usecase: MLUsecase.CLASSIFICATION
2024-01-22 14:31:38,960:INFO:version 3.2.0
2024-01-22 14:31:38,960:INFO:Initializing setup()
2024-01-22 14:31:38,960:INFO:self.USI: 5912
2024-01-22 14:31:38,960:INFO:self._variable_keys: {'exp_id', 'USI', '_ml_usecase', 'memory', 'is_multiclass', 'y_train', 'X_test', 'target_param', 'fold_generator', 'html_param', 'gpu_param', 'y', 'data', 'gpu_n_jobs_param', 'idx', 'pipeline', 'n_jobs_param', 'y_test', '_available_plots', 'seed', 'fold_groups_param', 'X', 'fold_shuffle_param', 'X_train', 'logging_param', 'exp_name_log', 'log_plots_param', 'fix_imbalance'}
2024-01-22 14:31:38,960:INFO:Checking environment
2024-01-22 14:31:38,960:INFO:python_version: 3.11.5
2024-01-22 14:31:38,960:INFO:python_build: ('main', 'Sep 11 2023 13:26:23')
2024-01-22 14:31:38,960:INFO:machine: AMD64
2024-01-22 14:31:38,960:INFO:platform: Windows-10-10.0.22621-SP0
2024-01-22 14:31:38,960:INFO:Memory: svmem(total=16542031872, available=1757859840, percent=89.4, used=14784172032, free=1757859840)
2024-01-22 14:31:38,960:INFO:Physical Core: 8
2024-01-22 14:31:38,960:INFO:Logical Core: 16
2024-01-22 14:31:38,960:INFO:Checking libraries
2024-01-22 14:31:38,960:INFO:System:
2024-01-22 14:31:38,960:INFO:    python: 3.11.5 | packaged by Anaconda, Inc. | (main, Sep 11 2023, 13:26:23) [MSC v.1916 64 bit (AMD64)]
2024-01-22 14:31:38,960:INFO:executable: C:\Users\alcid\anaconda3\python.exe
2024-01-22 14:31:38,960:INFO:   machine: Windows-10-10.0.22621-SP0
2024-01-22 14:31:38,960:INFO:PyCaret required dependencies:
2024-01-22 14:31:38,960:INFO:                 pip: 23.2.1
2024-01-22 14:31:38,960:INFO:          setuptools: 68.0.0
2024-01-22 14:31:38,960:INFO:             pycaret: 3.2.0
2024-01-22 14:31:38,960:INFO:             IPython: 8.15.0
2024-01-22 14:31:38,960:INFO:          ipywidgets: 8.0.4
2024-01-22 14:31:38,960:INFO:                tqdm: 4.65.0
2024-01-22 14:31:38,960:INFO:               numpy: 1.24.3
2024-01-22 14:31:38,960:INFO:              pandas: 1.5.3
2024-01-22 14:31:38,960:INFO:              jinja2: 3.1.2
2024-01-22 14:31:38,960:INFO:               scipy: 1.11.1
2024-01-22 14:31:38,960:INFO:              joblib: 1.3.2
2024-01-22 14:31:38,960:INFO:             sklearn: 1.2.2
2024-01-22 14:31:38,960:INFO:                pyod: 1.1.2
2024-01-22 14:31:38,960:INFO:            imblearn: 0.10.1
2024-01-22 14:31:38,960:INFO:   category_encoders: 2.6.3
2024-01-22 14:31:38,960:INFO:            lightgbm: 4.1.0
2024-01-22 14:31:38,960:INFO:               numba: 0.57.1
2024-01-22 14:31:38,960:INFO:            requests: 2.31.0
2024-01-22 14:31:38,960:INFO:          matplotlib: 3.6.0
2024-01-22 14:31:38,960:INFO:          scikitplot: 0.3.7
2024-01-22 14:31:38,960:INFO:         yellowbrick: 1.5
2024-01-22 14:31:38,960:INFO:              plotly: 5.9.0
2024-01-22 14:31:38,960:INFO:    plotly-resampler: Not installed
2024-01-22 14:31:38,960:INFO:             kaleido: 0.2.1
2024-01-22 14:31:38,960:INFO:           schemdraw: 0.15
2024-01-22 14:31:38,962:INFO:         statsmodels: 0.14.0
2024-01-22 14:31:38,962:INFO:              sktime: 0.21.1
2024-01-22 14:31:38,962:INFO:               tbats: 1.1.3
2024-01-22 14:31:38,962:INFO:            pmdarima: 2.0.4
2024-01-22 14:31:38,962:INFO:              psutil: 5.9.0
2024-01-22 14:31:38,962:INFO:          markupsafe: 2.1.1
2024-01-22 14:31:38,962:INFO:             pickle5: Not installed
2024-01-22 14:31:38,962:INFO:         cloudpickle: 2.2.1
2024-01-22 14:31:38,962:INFO:         deprecation: 2.1.0
2024-01-22 14:31:38,962:INFO:              xxhash: 2.0.2
2024-01-22 14:31:38,962:INFO:           wurlitzer: Not installed
2024-01-22 14:31:38,962:INFO:PyCaret optional dependencies:
2024-01-22 14:31:38,963:INFO:                shap: Not installed
2024-01-22 14:31:38,963:INFO:           interpret: Not installed
2024-01-22 14:31:38,963:INFO:                umap: Not installed
2024-01-22 14:31:38,963:INFO:     ydata_profiling: 4.6.1
2024-01-22 14:31:38,963:INFO:  explainerdashboard: Not installed
2024-01-22 14:31:38,963:INFO:             autoviz: Not installed
2024-01-22 14:31:38,963:INFO:           fairlearn: Not installed
2024-01-22 14:31:38,963:INFO:          deepchecks: Not installed
2024-01-22 14:31:38,963:INFO:             xgboost: 2.0.2
2024-01-22 14:31:38,963:INFO:            catboost: Not installed
2024-01-22 14:31:38,963:INFO:              kmodes: Not installed
2024-01-22 14:31:38,963:INFO:             mlxtend: Not installed
2024-01-22 14:31:38,963:INFO:       statsforecast: Not installed
2024-01-22 14:31:38,963:INFO:        tune_sklearn: Not installed
2024-01-22 14:31:38,963:INFO:                 ray: Not installed
2024-01-22 14:31:38,963:INFO:            hyperopt: 0.2.7
2024-01-22 14:31:38,963:INFO:              optuna: Not installed
2024-01-22 14:31:38,963:INFO:               skopt: 0.9.0
2024-01-22 14:31:38,963:INFO:              mlflow: Not installed
2024-01-22 14:31:38,963:INFO:              gradio: Not installed
2024-01-22 14:31:38,963:INFO:             fastapi: Not installed
2024-01-22 14:31:38,963:INFO:             uvicorn: Not installed
2024-01-22 14:31:38,964:INFO:              m2cgen: Not installed
2024-01-22 14:31:38,964:INFO:           evidently: Not installed
2024-01-22 14:31:38,964:INFO:               fugue: Not installed
2024-01-22 14:31:38,964:INFO:           streamlit: 1.28.1
2024-01-22 14:31:38,964:INFO:             prophet: Not installed
2024-01-22 14:31:38,964:INFO:None
2024-01-22 14:31:38,964:INFO:Set up data.
2024-01-22 14:31:39,435:INFO:Set up folding strategy.
2024-01-22 14:31:39,435:INFO:Set up train/test split.
2024-01-22 14:31:39,701:INFO:Set up index.
2024-01-22 14:31:39,718:INFO:Assigning column types.
2024-01-22 14:31:39,799:INFO:Engine successfully changes for model 'lr' to 'sklearn'.
2024-01-22 14:31:39,836:INFO:Engine for model 'knn' has not been set explicitly, hence returning None.
2024-01-22 14:31:39,838:INFO:Engine for model 'rbfsvm' has not been set explicitly, hence returning None.
2024-01-22 14:31:39,862:INFO:Soft dependency imported: xgboost: 2.0.2
2024-01-22 14:31:39,864:WARNING:
'catboost' is a soft dependency and not included in the pycaret installation. Please run: `pip install catboost` to install.
Alternately, you can install this by running `pip install pycaret[models]`
2024-01-22 14:31:39,903:INFO:Engine for model 'knn' has not been set explicitly, hence returning None.
2024-01-22 14:31:39,904:INFO:Engine for model 'rbfsvm' has not been set explicitly, hence returning None.
2024-01-22 14:31:39,927:INFO:Soft dependency imported: xgboost: 2.0.2
2024-01-22 14:31:39,929:WARNING:
'catboost' is a soft dependency and not included in the pycaret installation. Please run: `pip install catboost` to install.
Alternately, you can install this by running `pip install pycaret[models]`
2024-01-22 14:31:39,929:INFO:Engine successfully changes for model 'knn' to 'sklearn'.
2024-01-22 14:31:39,970:INFO:Engine for model 'rbfsvm' has not been set explicitly, hence returning None.
2024-01-22 14:31:39,995:INFO:Soft dependency imported: xgboost: 2.0.2
2024-01-22 14:31:39,998:WARNING:
'catboost' is a soft dependency and not included in the pycaret installation. Please run: `pip install catboost` to install.
Alternately, you can install this by running `pip install pycaret[models]`
2024-01-22 14:31:40,030:INFO:Engine for model 'rbfsvm' has not been set explicitly, hence returning None.
2024-01-22 14:31:40,046:INFO:Soft dependency imported: xgboost: 2.0.2
2024-01-22 14:31:40,046:WARNING:
'catboost' is a soft dependency and not included in the pycaret installation. Please run: `pip install catboost` to install.
Alternately, you can install this by running `pip install pycaret[models]`
2024-01-22 14:31:40,046:INFO:Engine successfully changes for model 'rbfsvm' to 'sklearn'.
2024-01-22 14:31:40,114:INFO:Soft dependency imported: xgboost: 2.0.2
2024-01-22 14:31:40,114:WARNING:
'catboost' is a soft dependency and not included in the pycaret installation. Please run: `pip install catboost` to install.
Alternately, you can install this by running `pip install pycaret[models]`
2024-01-22 14:31:40,184:INFO:Soft dependency imported: xgboost: 2.0.2
2024-01-22 14:31:40,186:WARNING:
'catboost' is a soft dependency and not included in the pycaret installation. Please run: `pip install catboost` to install.
Alternately, you can install this by running `pip install pycaret[models]`
2024-01-22 14:31:40,194:INFO:Preparing preprocessing pipeline...
2024-01-22 14:31:40,214:INFO:Set up simple imputation.
2024-01-22 14:31:40,308:INFO:Set up encoding of ordinal features.
2024-01-22 14:31:40,390:INFO:Set up encoding of categorical features.
2024-01-22 14:31:40,390:INFO:Set up removing multicollinearity.
2024-01-22 14:31:40,390:INFO:Set up removing outliers.
2024-01-22 14:31:40,390:INFO:Set up imbalanced handling.
2024-01-22 14:31:40,390:INFO:Set up column transformation.
2024-01-22 14:31:40,390:INFO:Set up feature normalization.
2024-01-22 14:31:46,793:WARNING:C:\Users\alcid\anaconda3\Lib\site-packages\sklearn\base.py:439: UserWarning: X does not have valid feature names, but IsolationForest was fitted with feature names
  warnings.warn(

2024-01-22 14:32:46,005:INFO:Finished creating preprocessing pipeline.
2024-01-22 14:32:46,058:INFO:Pipeline: Pipeline(memory=FastMemory(location=C:\Users\alcid\AppData\Local\Temp\joblib),
         steps=[('numerical_imputer',
                 TransformerWrapper(exclude=None,
                                    include=['qtd_filhos', 'idade',
                                             'tempo_emprego',
                                             'qt_pessoas_residencia', 'renda',
                                             'mes'],
                                    transformer=SimpleImputer(add_indicator=False,
                                                              copy=True,
                                                              fill_value=None,
                                                              keep_empty_features=False,
                                                              missing_values=nan,
                                                              strategy='...
                                    transformer=FixImbalancer(estimator=SMOTE(k_neighbors=5,
                                                                              n_jobs=None,
                                                                              random_state=None,
                                                                              sampling_strategy='auto')))),
                ('transformation',
                 TransformerWrapper(exclude=None, include=None,
                                    transformer=PowerTransformer(copy=True,
                                                                 method='yeo-johnson',
                                                                 standardize=False))),
                ('normalize',
                 TransformerWrapper(exclude=None, include=None,
                                    transformer=StandardScaler(copy=True,
                                                               with_mean=True,
                                                               with_std=True)))],
         verbose=False)
2024-01-22 14:32:46,058:INFO:Creating final display dataframe.
2024-01-22 14:32:48,359:WARNING:C:\Users\alcid\anaconda3\Lib\site-packages\sklearn\base.py:439: UserWarning: X does not have valid feature names, but IsolationForest was fitted with feature names
  warnings.warn(

2024-01-22 14:33:29,337:INFO:Setup _display_container:                     Description             Value
0                    Session id              6041
1                        Target               mau
2                   Target type            Binary
3           Original data shape      (750000, 14)
4        Transformed data shape     (1144174, 31)
5   Transformed train set shape      (919174, 31)
6    Transformed test set shape      (225000, 31)
7              Ordinal features                 3
8              Numeric features                 6
9          Categorical features                 7
10     Rows with missing values             16.8%
11                   Preprocess              True
12              Imputation type            simple
13           Numeric imputation              mean
14       Categorical imputation              mode
15     Maximum one-hot encoding                25
16              Encoding method              None
17     Remove multicollinearity              True
18  Multicollinearity threshold              0.95
19              Remove outliers              True
20           Outliers threshold              0.05
21                Fix imbalance              True
22         Fix imbalance method             SMOTE
23               Transformation              True
24        Transformation method       yeo-johnson
25                    Normalize              True
26             Normalize method            zscore
27               Fold Generator   StratifiedKFold
28                  Fold Number                10
29                     CPU Jobs                -1
30                      Use GPU             False
31               Log Experiment             False
32              Experiment Name  clf-default-name
33                          USI              5912
2024-01-22 14:33:29,448:INFO:Soft dependency imported: xgboost: 2.0.2
2024-01-22 14:33:29,452:WARNING:
'catboost' is a soft dependency and not included in the pycaret installation. Please run: `pip install catboost` to install.
Alternately, you can install this by running `pip install pycaret[models]`
2024-01-22 14:33:29,517:INFO:Soft dependency imported: xgboost: 2.0.2
2024-01-22 14:33:29,520:WARNING:
'catboost' is a soft dependency and not included in the pycaret installation. Please run: `pip install catboost` to install.
Alternately, you can install this by running `pip install pycaret[models]`
2024-01-22 14:33:29,520:INFO:setup() successfully completed in 110.58s...............
2024-01-22 14:33:36,259:INFO:Initializing create_model()
2024-01-22 14:33:36,260:INFO:create_model(self=<pycaret.classification.oop.ClassificationExperiment object at 0x000002550EAB0D10>, estimator=lightgbm, fold=5, round=4, cross_validation=True, predict=True, fit_kwargs=None, groups=None, refit=True, probability_threshold=None, experiment_custom_tags=None, verbose=True, system=True, add_to_model_list=True, metrics=None, display=None, model_only=True, return_train_score=False, error_score=0.0, kwargs={})
2024-01-22 14:33:36,260:INFO:Checking exceptions
2024-01-22 14:33:36,280:INFO:Importing libraries
2024-01-22 14:33:36,280:INFO:Copying training dataset
2024-01-22 14:33:36,506:INFO:Defining folds
2024-01-22 14:33:36,508:INFO:Declaring metric variables
2024-01-22 14:33:36,508:INFO:Importing untrained model
2024-01-22 14:33:36,513:INFO:Light Gradient Boosting Machine Imported successfully
2024-01-22 14:33:36,520:INFO:Starting cross validation
2024-01-22 14:33:36,541:INFO:Cross validating with StratifiedKFold(n_splits=5, random_state=None, shuffle=False), n_jobs=-1
2024-01-22 14:49:09,349:INFO:PyCaret ClassificationExperiment
2024-01-22 14:49:09,349:INFO:Logging name: clf-default-name
2024-01-22 14:49:09,349:INFO:ML Usecase: MLUsecase.CLASSIFICATION
2024-01-22 14:49:09,349:INFO:version 3.2.0
2024-01-22 14:49:09,349:INFO:Initializing setup()
2024-01-22 14:49:09,349:INFO:self.USI: 71a9
2024-01-22 14:49:09,349:INFO:self._variable_keys: {'exp_id', 'USI', '_ml_usecase', 'memory', 'is_multiclass', 'y_train', 'X_test', 'target_param', 'fold_generator', 'html_param', 'gpu_param', 'y', 'data', 'gpu_n_jobs_param', 'idx', 'pipeline', 'n_jobs_param', 'y_test', '_available_plots', 'seed', 'fold_groups_param', 'X', 'fold_shuffle_param', 'X_train', 'logging_param', 'exp_name_log', 'log_plots_param', 'fix_imbalance'}
2024-01-22 14:49:09,350:INFO:Checking environment
2024-01-22 14:49:09,350:INFO:python_version: 3.11.5
2024-01-22 14:49:09,350:INFO:python_build: ('main', 'Sep 11 2023 13:26:23')
2024-01-22 14:49:09,350:INFO:machine: AMD64
2024-01-22 14:49:09,350:INFO:platform: Windows-10-10.0.22621-SP0
2024-01-22 14:49:09,350:INFO:Memory: svmem(total=16542031872, available=2223083520, percent=86.6, used=14318948352, free=2223083520)
2024-01-22 14:49:09,350:INFO:Physical Core: 8
2024-01-22 14:49:09,350:INFO:Logical Core: 16
2024-01-22 14:49:09,350:INFO:Checking libraries
2024-01-22 14:49:09,350:INFO:System:
2024-01-22 14:49:09,351:INFO:    python: 3.11.5 | packaged by Anaconda, Inc. | (main, Sep 11 2023, 13:26:23) [MSC v.1916 64 bit (AMD64)]
2024-01-22 14:49:09,351:INFO:executable: C:\Users\alcid\anaconda3\python.exe
2024-01-22 14:49:09,351:INFO:   machine: Windows-10-10.0.22621-SP0
2024-01-22 14:49:09,351:INFO:PyCaret required dependencies:
2024-01-22 14:49:09,351:INFO:                 pip: 23.2.1
2024-01-22 14:49:09,351:INFO:          setuptools: 68.0.0
2024-01-22 14:49:09,351:INFO:             pycaret: 3.2.0
2024-01-22 14:49:09,351:INFO:             IPython: 8.15.0
2024-01-22 14:49:09,351:INFO:          ipywidgets: 8.0.4
2024-01-22 14:49:09,351:INFO:                tqdm: 4.65.0
2024-01-22 14:49:09,351:INFO:               numpy: 1.24.3
2024-01-22 14:49:09,351:INFO:              pandas: 1.5.3
2024-01-22 14:49:09,351:INFO:              jinja2: 3.1.2
2024-01-22 14:49:09,351:INFO:               scipy: 1.11.1
2024-01-22 14:49:09,351:INFO:              joblib: 1.3.2
2024-01-22 14:49:09,351:INFO:             sklearn: 1.2.2
2024-01-22 14:49:09,351:INFO:                pyod: 1.1.2
2024-01-22 14:49:09,351:INFO:            imblearn: 0.10.1
2024-01-22 14:49:09,351:INFO:   category_encoders: 2.6.3
2024-01-22 14:49:09,351:INFO:            lightgbm: 4.1.0
2024-01-22 14:49:09,352:INFO:               numba: 0.57.1
2024-01-22 14:49:09,352:INFO:            requests: 2.31.0
2024-01-22 14:49:09,352:INFO:          matplotlib: 3.6.0
2024-01-22 14:49:09,352:INFO:          scikitplot: 0.3.7
2024-01-22 14:49:09,352:INFO:         yellowbrick: 1.5
2024-01-22 14:49:09,352:INFO:              plotly: 5.9.0
2024-01-22 14:49:09,352:INFO:    plotly-resampler: Not installed
2024-01-22 14:49:09,352:INFO:             kaleido: 0.2.1
2024-01-22 14:49:09,352:INFO:           schemdraw: 0.15
2024-01-22 14:49:09,352:INFO:         statsmodels: 0.14.0
2024-01-22 14:49:09,352:INFO:              sktime: 0.21.1
2024-01-22 14:49:09,352:INFO:               tbats: 1.1.3
2024-01-22 14:49:09,352:INFO:            pmdarima: 2.0.4
2024-01-22 14:49:09,352:INFO:              psutil: 5.9.0
2024-01-22 14:49:09,352:INFO:          markupsafe: 2.1.1
2024-01-22 14:49:09,352:INFO:             pickle5: Not installed
2024-01-22 14:49:09,352:INFO:         cloudpickle: 2.2.1
2024-01-22 14:49:09,352:INFO:         deprecation: 2.1.0
2024-01-22 14:49:09,352:INFO:              xxhash: 2.0.2
2024-01-22 14:49:09,352:INFO:           wurlitzer: Not installed
2024-01-22 14:49:09,352:INFO:PyCaret optional dependencies:
2024-01-22 14:49:09,353:INFO:                shap: Not installed
2024-01-22 14:49:09,353:INFO:           interpret: Not installed
2024-01-22 14:49:09,353:INFO:                umap: Not installed
2024-01-22 14:49:09,353:INFO:     ydata_profiling: 4.6.1
2024-01-22 14:49:09,353:INFO:  explainerdashboard: Not installed
2024-01-22 14:49:09,353:INFO:             autoviz: Not installed
2024-01-22 14:49:09,353:INFO:           fairlearn: Not installed
2024-01-22 14:49:09,353:INFO:          deepchecks: Not installed
2024-01-22 14:49:09,353:INFO:             xgboost: 2.0.2
2024-01-22 14:49:09,353:INFO:            catboost: Not installed
2024-01-22 14:49:09,353:INFO:              kmodes: Not installed
2024-01-22 14:49:09,353:INFO:             mlxtend: Not installed
2024-01-22 14:49:09,353:INFO:       statsforecast: Not installed
2024-01-22 14:49:09,353:INFO:        tune_sklearn: Not installed
2024-01-22 14:49:09,353:INFO:                 ray: Not installed
2024-01-22 14:49:09,353:INFO:            hyperopt: 0.2.7
2024-01-22 14:49:09,353:INFO:              optuna: Not installed
2024-01-22 14:49:09,354:INFO:               skopt: 0.9.0
2024-01-22 14:49:09,354:INFO:              mlflow: Not installed
2024-01-22 14:49:09,354:INFO:              gradio: Not installed
2024-01-22 14:49:09,354:INFO:             fastapi: Not installed
2024-01-22 14:49:09,354:INFO:             uvicorn: Not installed
2024-01-22 14:49:09,354:INFO:              m2cgen: Not installed
2024-01-22 14:49:09,354:INFO:           evidently: Not installed
2024-01-22 14:49:09,354:INFO:               fugue: Not installed
2024-01-22 14:49:09,354:INFO:           streamlit: 1.28.1
2024-01-22 14:49:09,354:INFO:             prophet: Not installed
2024-01-22 14:49:09,354:INFO:None
2024-01-22 14:49:09,354:INFO:Set up data.
2024-01-22 14:49:09,439:INFO:Set up folding strategy.
2024-01-22 14:49:09,439:INFO:Set up train/test split.
2024-01-22 14:49:09,480:INFO:Set up index.
2024-01-22 14:49:09,483:INFO:Assigning column types.
2024-01-22 14:49:09,499:INFO:Engine successfully changes for model 'lr' to 'sklearn'.
2024-01-22 14:49:09,538:INFO:Engine for model 'knn' has not been set explicitly, hence returning None.
2024-01-22 14:49:09,539:INFO:Engine for model 'rbfsvm' has not been set explicitly, hence returning None.
2024-01-22 14:49:09,562:INFO:Soft dependency imported: xgboost: 2.0.2
2024-01-22 14:49:09,564:WARNING:
'catboost' is a soft dependency and not included in the pycaret installation. Please run: `pip install catboost` to install.
Alternately, you can install this by running `pip install pycaret[models]`
2024-01-22 14:49:09,604:INFO:Engine for model 'knn' has not been set explicitly, hence returning None.
2024-01-22 14:49:09,605:INFO:Engine for model 'rbfsvm' has not been set explicitly, hence returning None.
2024-01-22 14:49:09,629:INFO:Soft dependency imported: xgboost: 2.0.2
2024-01-22 14:49:09,631:WARNING:
'catboost' is a soft dependency and not included in the pycaret installation. Please run: `pip install catboost` to install.
Alternately, you can install this by running `pip install pycaret[models]`
2024-01-22 14:49:09,631:INFO:Engine successfully changes for model 'knn' to 'sklearn'.
2024-01-22 14:49:09,670:INFO:Engine for model 'rbfsvm' has not been set explicitly, hence returning None.
2024-01-22 14:49:09,694:INFO:Soft dependency imported: xgboost: 2.0.2
2024-01-22 14:49:09,698:WARNING:
'catboost' is a soft dependency and not included in the pycaret installation. Please run: `pip install catboost` to install.
Alternately, you can install this by running `pip install pycaret[models]`
2024-01-22 14:49:09,737:INFO:Engine for model 'rbfsvm' has not been set explicitly, hence returning None.
2024-01-22 14:49:09,761:INFO:Soft dependency imported: xgboost: 2.0.2
2024-01-22 14:49:09,764:WARNING:
'catboost' is a soft dependency and not included in the pycaret installation. Please run: `pip install catboost` to install.
Alternately, you can install this by running `pip install pycaret[models]`
2024-01-22 14:49:09,764:INFO:Engine successfully changes for model 'rbfsvm' to 'sklearn'.
2024-01-22 14:49:09,827:INFO:Soft dependency imported: xgboost: 2.0.2
2024-01-22 14:49:09,829:WARNING:
'catboost' is a soft dependency and not included in the pycaret installation. Please run: `pip install catboost` to install.
Alternately, you can install this by running `pip install pycaret[models]`
2024-01-22 14:49:09,896:INFO:Soft dependency imported: xgboost: 2.0.2
2024-01-22 14:49:09,898:WARNING:
'catboost' is a soft dependency and not included in the pycaret installation. Please run: `pip install catboost` to install.
Alternately, you can install this by running `pip install pycaret[models]`
2024-01-22 14:49:09,900:INFO:Preparing preprocessing pipeline...
2024-01-22 14:49:09,903:INFO:Set up simple imputation.
2024-01-22 14:49:09,921:INFO:Set up encoding of ordinal features.
2024-01-22 14:49:09,936:INFO:Set up encoding of categorical features.
2024-01-22 14:49:09,937:INFO:Set up removing multicollinearity.
2024-01-22 14:49:09,937:INFO:Set up removing outliers.
2024-01-22 14:49:09,937:INFO:Set up imbalanced handling.
2024-01-22 14:49:09,938:INFO:Set up column transformation.
2024-01-22 14:49:09,938:INFO:Set up feature normalization.
2024-01-22 14:49:11,056:WARNING:C:\Users\alcid\anaconda3\Lib\site-packages\sklearn\base.py:439: UserWarning: X does not have valid feature names, but IsolationForest was fitted with feature names
  warnings.warn(

2024-01-22 14:49:18,723:INFO:Finished creating preprocessing pipeline.
2024-01-22 14:49:18,765:INFO:Pipeline: Pipeline(memory=FastMemory(location=C:\Users\alcid\AppData\Local\Temp\joblib),
         steps=[('numerical_imputer',
                 TransformerWrapper(exclude=None,
                                    include=['qtd_filhos', 'idade',
                                             'tempo_emprego',
                                             'qt_pessoas_residencia', 'renda',
                                             'mes'],
                                    transformer=SimpleImputer(add_indicator=False,
                                                              copy=True,
                                                              fill_value=None,
                                                              keep_empty_features=False,
                                                              missing_values=nan,
                                                              strategy='...
                                    transformer=FixImbalancer(estimator=SMOTE(k_neighbors=5,
                                                                              n_jobs=None,
                                                                              random_state=None,
                                                                              sampling_strategy='auto')))),
                ('transformation',
                 TransformerWrapper(exclude=None, include=None,
                                    transformer=PowerTransformer(copy=True,
                                                                 method='yeo-johnson',
                                                                 standardize=False))),
                ('normalize',
                 TransformerWrapper(exclude=None, include=None,
                                    transformer=StandardScaler(copy=True,
                                                               with_mean=True,
                                                               with_std=True)))],
         verbose=False)
2024-01-22 14:49:18,765:INFO:Creating final display dataframe.
2024-01-22 14:49:19,393:WARNING:C:\Users\alcid\anaconda3\Lib\site-packages\sklearn\base.py:439: UserWarning: X does not have valid feature names, but IsolationForest was fitted with feature names
  warnings.warn(

2024-01-22 14:49:26,324:INFO:Setup _display_container:                     Description             Value
0                    Session id              8460
1                        Target               mau
2                   Target type            Binary
3           Original data shape      (117286, 14)
4        Transformed data shape      (113818, 31)
5   Transformed train set shape       (78632, 31)
6    Transformed test set shape       (35186, 31)
7              Ordinal features                 3
8              Numeric features                 6
9          Categorical features                 7
10     Rows with missing values             17.2%
11                   Preprocess              True
12              Imputation type            simple
13           Numeric imputation              mean
14       Categorical imputation              mode
15     Maximum one-hot encoding                25
16              Encoding method              None
17     Remove multicollinearity              True
18  Multicollinearity threshold              0.95
19              Remove outliers              True
20           Outliers threshold              0.05
21                Fix imbalance              True
22         Fix imbalance method             SMOTE
23               Transformation              True
24        Transformation method       yeo-johnson
25                    Normalize              True
26             Normalize method            zscore
27               Fold Generator   StratifiedKFold
28                  Fold Number                10
29                     CPU Jobs                -1
30                      Use GPU             False
31               Log Experiment             False
32              Experiment Name  clf-default-name
33                          USI              71a9
2024-01-22 14:49:26,400:INFO:Soft dependency imported: xgboost: 2.0.2
2024-01-22 14:49:26,402:WARNING:
'catboost' is a soft dependency and not included in the pycaret installation. Please run: `pip install catboost` to install.
Alternately, you can install this by running `pip install pycaret[models]`
2024-01-22 14:49:26,468:INFO:Soft dependency imported: xgboost: 2.0.2
2024-01-22 14:49:26,471:WARNING:
'catboost' is a soft dependency and not included in the pycaret installation. Please run: `pip install catboost` to install.
Alternately, you can install this by running `pip install pycaret[models]`
2024-01-22 14:49:26,471:INFO:setup() successfully completed in 17.16s...............
2024-01-22 14:49:33,621:INFO:Initializing create_model()
2024-01-22 14:49:33,621:INFO:create_model(self=<pycaret.classification.oop.ClassificationExperiment object at 0x0000025595F5DE90>, estimator=lightgbm, fold=5, round=4, cross_validation=True, predict=True, fit_kwargs=None, groups=None, refit=True, probability_threshold=None, experiment_custom_tags=None, verbose=True, system=True, add_to_model_list=True, metrics=None, display=None, model_only=True, return_train_score=False, error_score=0.0, kwargs={})
2024-01-22 14:49:33,622:INFO:Checking exceptions
2024-01-22 14:49:33,635:INFO:Importing libraries
2024-01-22 14:49:33,635:INFO:Copying training dataset
2024-01-22 14:49:33,669:INFO:Defining folds
2024-01-22 14:49:33,669:INFO:Declaring metric variables
2024-01-22 14:49:33,672:INFO:Importing untrained model
2024-01-22 14:49:33,675:INFO:Light Gradient Boosting Machine Imported successfully
2024-01-22 14:49:33,681:INFO:Starting cross validation
2024-01-22 14:49:33,699:INFO:Cross validating with StratifiedKFold(n_splits=5, random_state=None, shuffle=False), n_jobs=-1
2024-01-22 14:50:14,962:INFO:PyCaret ClassificationExperiment
2024-01-22 14:50:14,962:INFO:Logging name: clf-default-name
2024-01-22 14:50:14,962:INFO:ML Usecase: MLUsecase.CLASSIFICATION
2024-01-22 14:50:14,962:INFO:version 3.2.0
2024-01-22 14:50:14,962:INFO:Initializing setup()
2024-01-22 14:50:14,962:INFO:self.USI: 1557
2024-01-22 14:50:14,962:INFO:self._variable_keys: {'exp_id', 'USI', '_ml_usecase', 'memory', 'is_multiclass', 'y_train', 'X_test', 'target_param', 'fold_generator', 'html_param', 'gpu_param', 'y', 'data', 'gpu_n_jobs_param', 'idx', 'pipeline', 'n_jobs_param', 'y_test', '_available_plots', 'seed', 'fold_groups_param', 'X', 'fold_shuffle_param', 'X_train', 'logging_param', 'exp_name_log', 'log_plots_param', 'fix_imbalance'}
2024-01-22 14:50:14,962:INFO:Checking environment
2024-01-22 14:50:14,962:INFO:python_version: 3.11.5
2024-01-22 14:50:14,962:INFO:python_build: ('main', 'Sep 11 2023 13:26:23')
2024-01-22 14:50:14,962:INFO:machine: AMD64
2024-01-22 14:50:14,962:INFO:platform: Windows-10-10.0.22621-SP0
2024-01-22 14:50:14,962:INFO:Memory: svmem(total=16542031872, available=2623639552, percent=84.1, used=13918392320, free=2623639552)
2024-01-22 14:50:14,964:INFO:Physical Core: 8
2024-01-22 14:50:14,964:INFO:Logical Core: 16
2024-01-22 14:50:14,964:INFO:Checking libraries
2024-01-22 14:50:14,964:INFO:System:
2024-01-22 14:50:14,964:INFO:    python: 3.11.5 | packaged by Anaconda, Inc. | (main, Sep 11 2023, 13:26:23) [MSC v.1916 64 bit (AMD64)]
2024-01-22 14:50:14,964:INFO:executable: C:\Users\alcid\anaconda3\python.exe
2024-01-22 14:50:14,964:INFO:   machine: Windows-10-10.0.22621-SP0
2024-01-22 14:50:14,964:INFO:PyCaret required dependencies:
2024-01-22 14:50:14,964:INFO:                 pip: 23.2.1
2024-01-22 14:50:14,964:INFO:          setuptools: 68.0.0
2024-01-22 14:50:14,964:INFO:             pycaret: 3.2.0
2024-01-22 14:50:14,964:INFO:             IPython: 8.15.0
2024-01-22 14:50:14,964:INFO:          ipywidgets: 8.0.4
2024-01-22 14:50:14,964:INFO:                tqdm: 4.65.0
2024-01-22 14:50:14,964:INFO:               numpy: 1.24.3
2024-01-22 14:50:14,964:INFO:              pandas: 1.5.3
2024-01-22 14:50:14,964:INFO:              jinja2: 3.1.2
2024-01-22 14:50:14,964:INFO:               scipy: 1.11.1
2024-01-22 14:50:14,965:INFO:              joblib: 1.3.2
2024-01-22 14:50:14,965:INFO:             sklearn: 1.2.2
2024-01-22 14:50:14,965:INFO:                pyod: 1.1.2
2024-01-22 14:50:14,965:INFO:            imblearn: 0.10.1
2024-01-22 14:50:14,965:INFO:   category_encoders: 2.6.3
2024-01-22 14:50:14,965:INFO:            lightgbm: 4.1.0
2024-01-22 14:50:14,965:INFO:               numba: 0.57.1
2024-01-22 14:50:14,965:INFO:            requests: 2.31.0
2024-01-22 14:50:14,965:INFO:          matplotlib: 3.6.0
2024-01-22 14:50:14,965:INFO:          scikitplot: 0.3.7
2024-01-22 14:50:14,965:INFO:         yellowbrick: 1.5
2024-01-22 14:50:14,965:INFO:              plotly: 5.9.0
2024-01-22 14:50:14,965:INFO:    plotly-resampler: Not installed
2024-01-22 14:50:14,965:INFO:             kaleido: 0.2.1
2024-01-22 14:50:14,965:INFO:           schemdraw: 0.15
2024-01-22 14:50:14,965:INFO:         statsmodels: 0.14.0
2024-01-22 14:50:14,965:INFO:              sktime: 0.21.1
2024-01-22 14:50:14,965:INFO:               tbats: 1.1.3
2024-01-22 14:50:14,965:INFO:            pmdarima: 2.0.4
2024-01-22 14:50:14,965:INFO:              psutil: 5.9.0
2024-01-22 14:50:14,965:INFO:          markupsafe: 2.1.1
2024-01-22 14:50:14,965:INFO:             pickle5: Not installed
2024-01-22 14:50:14,965:INFO:         cloudpickle: 2.2.1
2024-01-22 14:50:14,965:INFO:         deprecation: 2.1.0
2024-01-22 14:50:14,965:INFO:              xxhash: 2.0.2
2024-01-22 14:50:14,965:INFO:           wurlitzer: Not installed
2024-01-22 14:50:14,966:INFO:PyCaret optional dependencies:
2024-01-22 14:50:14,966:INFO:                shap: Not installed
2024-01-22 14:50:14,966:INFO:           interpret: Not installed
2024-01-22 14:50:14,966:INFO:                umap: Not installed
2024-01-22 14:50:14,966:INFO:     ydata_profiling: 4.6.1
2024-01-22 14:50:14,966:INFO:  explainerdashboard: Not installed
2024-01-22 14:50:14,966:INFO:             autoviz: Not installed
2024-01-22 14:50:14,966:INFO:           fairlearn: Not installed
2024-01-22 14:50:14,966:INFO:          deepchecks: Not installed
2024-01-22 14:50:14,966:INFO:             xgboost: 2.0.2
2024-01-22 14:50:14,966:INFO:            catboost: Not installed
2024-01-22 14:50:14,966:INFO:              kmodes: Not installed
2024-01-22 14:50:14,966:INFO:             mlxtend: Not installed
2024-01-22 14:50:14,966:INFO:       statsforecast: Not installed
2024-01-22 14:50:14,966:INFO:        tune_sklearn: Not installed
2024-01-22 14:50:14,966:INFO:                 ray: Not installed
2024-01-22 14:50:14,966:INFO:            hyperopt: 0.2.7
2024-01-22 14:50:14,966:INFO:              optuna: Not installed
2024-01-22 14:50:14,966:INFO:               skopt: 0.9.0
2024-01-22 14:50:14,966:INFO:              mlflow: Not installed
2024-01-22 14:50:14,966:INFO:              gradio: Not installed
2024-01-22 14:50:14,966:INFO:             fastapi: Not installed
2024-01-22 14:50:14,966:INFO:             uvicorn: Not installed
2024-01-22 14:50:14,966:INFO:              m2cgen: Not installed
2024-01-22 14:50:14,966:INFO:           evidently: Not installed
2024-01-22 14:50:14,967:INFO:               fugue: Not installed
2024-01-22 14:50:14,967:INFO:           streamlit: 1.28.1
2024-01-22 14:50:14,967:INFO:             prophet: Not installed
2024-01-22 14:50:14,967:INFO:None
2024-01-22 14:50:14,967:INFO:Set up data.
2024-01-22 14:50:15,060:INFO:Set up folding strategy.
2024-01-22 14:50:15,060:INFO:Set up train/test split.
2024-01-22 14:50:15,095:INFO:Set up index.
2024-01-22 14:50:15,096:INFO:Assigning column types.
2024-01-22 14:50:15,111:INFO:Engine successfully changes for model 'lr' to 'sklearn'.
2024-01-22 14:50:15,149:INFO:Engine for model 'knn' has not been set explicitly, hence returning None.
2024-01-22 14:50:15,150:INFO:Engine for model 'rbfsvm' has not been set explicitly, hence returning None.
2024-01-22 14:50:15,174:INFO:Soft dependency imported: xgboost: 2.0.2
2024-01-22 14:50:15,177:WARNING:
'catboost' is a soft dependency and not included in the pycaret installation. Please run: `pip install catboost` to install.
Alternately, you can install this by running `pip install pycaret[models]`
2024-01-22 14:50:15,214:INFO:Engine for model 'knn' has not been set explicitly, hence returning None.
2024-01-22 14:50:15,214:INFO:Engine for model 'rbfsvm' has not been set explicitly, hence returning None.
2024-01-22 14:50:15,238:INFO:Soft dependency imported: xgboost: 2.0.2
2024-01-22 14:50:15,241:WARNING:
'catboost' is a soft dependency and not included in the pycaret installation. Please run: `pip install catboost` to install.
Alternately, you can install this by running `pip install pycaret[models]`
2024-01-22 14:50:15,242:INFO:Engine successfully changes for model 'knn' to 'sklearn'.
2024-01-22 14:50:15,281:INFO:Engine for model 'rbfsvm' has not been set explicitly, hence returning None.
2024-01-22 14:50:15,305:INFO:Soft dependency imported: xgboost: 2.0.2
2024-01-22 14:50:15,307:WARNING:
'catboost' is a soft dependency and not included in the pycaret installation. Please run: `pip install catboost` to install.
Alternately, you can install this by running `pip install pycaret[models]`
2024-01-22 14:50:15,346:INFO:Engine for model 'rbfsvm' has not been set explicitly, hence returning None.
2024-01-22 14:50:15,370:INFO:Soft dependency imported: xgboost: 2.0.2
2024-01-22 14:50:15,373:WARNING:
'catboost' is a soft dependency and not included in the pycaret installation. Please run: `pip install catboost` to install.
Alternately, you can install this by running `pip install pycaret[models]`
2024-01-22 14:50:15,373:INFO:Engine successfully changes for model 'rbfsvm' to 'sklearn'.
2024-01-22 14:50:15,435:INFO:Soft dependency imported: xgboost: 2.0.2
2024-01-22 14:50:15,437:WARNING:
'catboost' is a soft dependency and not included in the pycaret installation. Please run: `pip install catboost` to install.
Alternately, you can install this by running `pip install pycaret[models]`
2024-01-22 14:50:15,501:INFO:Soft dependency imported: xgboost: 2.0.2
2024-01-22 14:50:15,503:WARNING:
'catboost' is a soft dependency and not included in the pycaret installation. Please run: `pip install catboost` to install.
Alternately, you can install this by running `pip install pycaret[models]`
2024-01-22 14:50:15,504:INFO:Preparing preprocessing pipeline...
2024-01-22 14:50:15,508:INFO:Set up simple imputation.
2024-01-22 14:50:15,524:INFO:Set up encoding of ordinal features.
2024-01-22 14:50:15,543:INFO:Set up encoding of categorical features.
2024-01-22 14:50:15,543:INFO:Set up removing multicollinearity.
2024-01-22 14:50:15,543:INFO:Set up removing outliers.
2024-01-22 14:50:15,543:INFO:Set up column transformation.
2024-01-22 14:50:15,543:INFO:Set up feature normalization.
2024-01-22 14:50:16,745:WARNING:C:\Users\alcid\anaconda3\Lib\site-packages\sklearn\base.py:439: UserWarning: X does not have valid feature names, but IsolationForest was fitted with feature names
  warnings.warn(

2024-01-22 14:50:23,637:INFO:Finished creating preprocessing pipeline.
2024-01-22 14:50:23,673:INFO:Pipeline: Pipeline(memory=FastMemory(location=C:\Users\alcid\AppData\Local\Temp\joblib),
         steps=[('numerical_imputer',
                 TransformerWrapper(exclude=None,
                                    include=['qtd_filhos', 'idade',
                                             'tempo_emprego',
                                             'qt_pessoas_residencia', 'renda',
                                             'mes'],
                                    transformer=SimpleImputer(add_indicator=False,
                                                              copy=True,
                                                              fill_value=None,
                                                              keep_empty_features=False,
                                                              missing_values=nan,
                                                              strategy='...
                                    transformer=RemoveOutliers(method='iforest',
                                                               n_jobs=1,
                                                               random_state=7648,
                                                               threshold=0.05))),
                ('transformation',
                 TransformerWrapper(exclude=None, include=None,
                                    transformer=PowerTransformer(copy=True,
                                                                 method='yeo-johnson',
                                                                 standardize=False))),
                ('normalize',
                 TransformerWrapper(exclude=None, include=None,
                                    transformer=StandardScaler(copy=True,
                                                               with_mean=True,
                                                               with_std=True)))],
         verbose=False)
2024-01-22 14:50:23,673:INFO:Creating final display dataframe.
2024-01-22 14:50:24,204:WARNING:C:\Users\alcid\anaconda3\Lib\site-packages\sklearn\base.py:439: UserWarning: X does not have valid feature names, but IsolationForest was fitted with feature names
  warnings.warn(

2024-01-22 14:50:29,620:INFO:Setup _display_container:                     Description             Value
0                    Session id              7648
1                        Target               mau
2                   Target type            Binary
3           Original data shape      (117286, 14)
4        Transformed data shape      (113181, 31)
5   Transformed train set shape       (77995, 31)
6    Transformed test set shape       (35186, 31)
7              Ordinal features                 3
8              Numeric features                 6
9          Categorical features                 7
10     Rows with missing values             17.2%
11                   Preprocess              True
12              Imputation type            simple
13           Numeric imputation              mean
14       Categorical imputation              mode
15     Maximum one-hot encoding                25
16              Encoding method              None
17     Remove multicollinearity              True
18  Multicollinearity threshold              0.95
19              Remove outliers              True
20           Outliers threshold              0.05
21               Transformation              True
22        Transformation method       yeo-johnson
23                    Normalize              True
24             Normalize method            zscore
25               Fold Generator   StratifiedKFold
26                  Fold Number                10
27                     CPU Jobs                -1
28                      Use GPU             False
29               Log Experiment             False
30              Experiment Name  clf-default-name
31                          USI              1557
2024-01-22 14:50:29,695:INFO:Soft dependency imported: xgboost: 2.0.2
2024-01-22 14:50:29,698:WARNING:
'catboost' is a soft dependency and not included in the pycaret installation. Please run: `pip install catboost` to install.
Alternately, you can install this by running `pip install pycaret[models]`
2024-01-22 14:50:29,783:INFO:Soft dependency imported: xgboost: 2.0.2
2024-01-22 14:50:29,787:WARNING:
'catboost' is a soft dependency and not included in the pycaret installation. Please run: `pip install catboost` to install.
Alternately, you can install this by running `pip install pycaret[models]`
2024-01-22 14:50:29,788:INFO:setup() successfully completed in 14.84s...............
